Start logging to file: tack.log<CR><LF>
<CR><LF>
Main Menu<CR><LF>
 b) display basic information<CR><LF>
 m) change modes<CR><LF>
 t) tools<CR><LF>
 n) begin testing<CR><LF>
 l) stop logging<CR><LF>
 q) quit<CR><LF>
 ?) help<CR><LF>
<CR><LF>
tack [n] > <CR><LF>
<CR><LF>
Main test menu<CR><LF>
 e) edit terminfo<CR><LF>
 i) send reset and init<CR><LF>
 x) test modes and glitches<CR><LF>
 a) test alternate character set and graphic rendition<CR><LF>
 c) test color<CR><LF>
 m) test cursor movement<CR><LF>
 f) test function keys<CR><LF>
 p) test padding and string capabilities<CR><LF>
 P) test printer<CR><LF>
 /) test a specific capability<CR><LF>
 t) auto generate pad delays<CR><LF>
 n) run standard tests<CR><LF>
 r) repeat test<CR><LF>
 s) skip to next test<CR><LF>
 q) quit<CR><LF>
 ?) help<CR><LF>
<CR><LF>
tack/test [n] > <CR><LF>
<CR><LF>
Test modes and glitches:<CR><LF>
 e) edit terminfo<CR><LF>
 n) run standard tests<CR><LF>
 r) repeat test<CR><LF>
 s) skip to next test<CR><LF>
 q) quit<CR><LF>
 ?) help<CR><LF>
<CR><LF>
tack/test/mode [n] > <CR><LF>
<CR><LF>
Test modes and glitches:<CR><LF>
 e) edit terminfo<CR><LF>
 n) run standard tests<CR><LF>
 r) repeat test<CR><LF>
 s) skip to next test<CR><LF>
 q) quit<CR><LF>
 ?) help<CR><LF>
<CR><LF>
tack/test/mode [n] > <CR><LF>
<ESC>[H<ESC>[2J(os) should be true, not false.<CR>(os) should be           fals
e.<CR><LF>
(os) over-strike is false in the data base.  (os) Done <CR><LF>
<ESC>[H<ESC>[2J<ESC>[H<ESC>[?7l<CR><LF>
(rmam) will reset (am)<ESC>[H                                                   
              (rmam) will not reset (am) <ESC>[H                          <ESC>[
H<CR><LF>
<CR><LF>
Exit-automatic-margins (rmam) Done <CR><LF>
<ESC>[H<ESC>[2J<ESC>[H<ESC>[?7h<CR><LF>
(smam) will not set (am)<ESC>[H                                                 
                (smam) will set (am)    <ESC>[H                          <CR><LF>
<CR><LF>
Enter-automatic-margins (smam) Done <CR><LF>
<ESC>[H<ESC>[2J<ESC>[H<CR><LF>
(am) should not be set<ESC>[H                                                   
              (am) should be set    <ESC>[H                       <CR><LF>
<CR><LF>
(am) is true in the data base<CR><LF>
Automatic-right-margin (am) Done <CR><LF>
<CR><LF>
_<BS>T_<BS>h_<BS>i_<BS>s_<BS> _<BS>t_<BS>e_<BS>x_<BS>t_<BS> _<BS>s_<BS>
h_<BS>o_<BS>u_<BS>l_<BS>d_<BS> _<BS>n_<BS>o_<BS>t_<BS> _<BS>b_<BS>e_<BS>
 _<BS>u_<BS>n_<BS>d_<BS>e_<BS>r_<BS>l_<BS>i_<BS>n_<BS>e_<BS>d_<BS>.<CR>
<LF>
If the above line is not underlined the (ul) should be false.<CR><LF>
(ul) Transparent-underline is false in the data base<CR><LF>
(ul) Done <CR><LF>
<CR><LF>
Edit terminfo menu<CR><LF>
 i) display current terminfo<CR><LF>
 w) write the current terminfo to a file<CR><LF>
 v) show value of a selected cap<CR><LF>
 e) edit value of a selected cap<CR><LF>
 d) delete string<CR><LF>
 m) show caps that have been modified<CR><LF>
 c) show caps that can be tested<CR><LF>
 t) show caps that have been tested<CR><LF>
 f) show a list of function keys<CR><LF>
 u) show caps defined that can not be tested<CR><LF>
 q) quit<CR><LF>
 ?) help<CR><LF>
<CR><LF>
tack/test/mode/edit [q] > <CR><LF>
<CR><LF>
Test modes and glitches:<CR><LF>
 e) edit terminfo<CR><LF>
 n) run standard tests<CR><LF>
 r) repeat test<CR><LF>
 s) skip to next test<CR><LF>
 q) quit<CR><LF>
 ?) help<CR><LF>
<CR><LF>
tack/test/mode [n] > <CR><LF>
<CR><LF>
Main test menu<CR><LF>
 e) edit terminfo<CR><LF>
 i) send reset and init<CR><LF>
 x) test modes and glitches<CR><LF>
 a) test alternate character set and graphic rendition<CR><LF>
 c) test color<CR><LF>
 m) test cursor movement<CR><LF>
 f) test function keys<CR><LF>
 p) test padding and string capabilities<CR><LF>
 P) test printer<CR><LF>
 /) test a specific capability<CR><LF>
 t) auto generate pad delays<CR><LF>
 n) run standard tests<CR><LF>
 r) repeat test<CR><LF>
 s) skip to next test<CR><LF>
 q) quit<CR><LF>
 ?) help<CR><LF>
<CR><LF>
tack/test [n] > <CR><LF>
<ESC>[H<ESC>[2J<CR><LF>
Edit terminfo menu<CR><LF>
 i) display current terminfo<CR><LF>
 w) write the current terminfo to a file<CR><LF>
 v) show value of a selected cap<CR><LF>
 e) edit value of a selected cap<CR><LF>
 d) delete string<CR><LF>
 m) show caps that have been modified<CR><LF>
 c) show caps that can be tested<CR><LF>
 t) show caps that have been tested<CR><LF>
 f) show a list of function keys<CR><LF>
 u) show caps defined that can not be tested<CR><LF>
 q) quit<CR><LF>
 ?) help<CR><LF>
<CR><LF>
tack/test/edit [q] > <CR><LF>
? <CR><LF>
? <CR><LF>
<CR><LF>
Edit terminfo menu<CR><LF>
 i) display current terminfo<CR><LF>
 w) write the current terminfo to a file<CR><LF>
 v) show value of a selected cap<CR><LF>
 e) edit value of a selected cap<CR><LF>
 d) delete string<CR><LF>
 m) show caps that have been modified<CR><LF>
 c) show caps that can be tested<CR><LF>
 t) show caps that have been tested<CR><LF>
 f) show a list of function keys<CR><LF>
 u) show caps defined that can not be tested<CR><LF>
 q) quit<CR><LF>
 ?) help<CR><LF>
<CR><LF>
tack/test/edit [q] > <CR><LF>
<CR><LF>
Main test menu<CR><LF>
 e) edit terminfo<CR><LF>
 i) send reset and init<CR><LF>
 x) test modes and glitches<CR><LF>
 a) test alternate character set and graphic rendition<CR><LF>
 c) test color<CR><LF>
 m) test cursor movement<CR><LF>
 f) test function keys<CR><LF>
 p) test padding and string capabilities<CR><LF>
 P) test printer<CR><LF>
 /) test a specific capability<CR><LF>
 t) auto generate pad delays<CR><LF>
 n) run standard tests<CR><LF>
 r) repeat test<CR><LF>
 s) skip to next test<CR><LF>
 q) quit<CR><LF>
 ?) help<CR><LF>
<CR><LF>
tack/test [n] > <CR><LF>
<ESC>[H<ESC>[2J<CR><LF>
Test modes and glitches:<CR><LF>
 e) edit terminfo<CR><LF>
 n) run standard tests<CR><LF>
 r) repeat test<CR><LF>
 s) skip to next test<CR><LF>
 q) quit<CR><LF>
 ?) help<CR><LF>
<CR><LF>
tack/test/mode [n] > <CR><LF>
<CR><LF>
_<BS>T_<BS>h_<BS>i_<BS>s_<BS> _<BS>t_<BS>e_<BS>x_<BS>t_<BS> _<BS>s_<BS>
h_<BS>o_<BS>u_<BS>l_<BS>d_<BS> _<BS>n_<BS>o_<BS>t_<BS> _<BS>b_<BS>e_<BS>
 _<BS>u_<BS>n_<BS>d_<BS>e_<BS>r_<BS>l_<BS>i_<BS>n_<BS>e_<BS>d_<BS>.<CR>
<LF>
If the above line is not underlined the (ul) should be false.<CR><LF>
(ul) Transparent-underline is false in the data base<CR><LF>
(ul) Done <CR><LF>
(uc) underline-character is not defined.  (uc) Done <CR><LF>
(bw) should not be set.<CR><LF>
<BS><BS><BS><BS><BS><BS><BS><BS><BS><BS><BS><BS><BS><BS><BS><BS>
<BS><BS><BS><BS><BS><BS><BS><BS><BS><BS><BS><BS><BS><BS><BS><BS>
<BS><BS><BS><BS><BS><BS><BS><BS><BS><BS><BS><BS><BS><BS><BS><BS>
<BS><BS><BS><BS><BS><ESC>[P<ESC>[P<ESC>[P<ESC>[P<CR><LF>
(bw) Auto-left-margin is false in the data base<CR><LF>
(bw) Done <CR><LF>
<ESC>[H<ESC>[2J                                                                 
<CR>(xenl) should be set. Does not ignore CR<ESC>[H<CR><LF>
                                                                 <LF>
(xenl) should be set. Ignores (cud1)<ESC>[H<CR><LF>
<CR><LF>
<CR><LF>
If you don't see text above telling you to set it, (xenl) should<CR><LF>
be false<CR><LF>
(xenl) Newline-glitch is true in the data base<CR><LF>
(xenl) Done <CR><LF>
<CR><LF>
(xmc) Magic-cookie-glitch is -1 in the data base<CR><LF>
        These two lines should line up.<CR><LF>
<ESC>[7m <ESC>[27m <ESC>[7m <ESC>[27m <ESC>[7m <ESC>[27m <ESC>[7m <ESC>[27m Thes
e two lines should line up.<CR><LF>
If they don't line up then (xmc) magic-cookie-glitch should be<CR><LF>
greater than zero.  (xmc) Done <CR><LF>
<CR><LF>
Test modes and glitches:<CR><LF>
 e) edit terminfo<CR><LF>
 n) run standard tests<CR><LF>
 r) repeat test<CR><LF>
 s) skip to next test<CR><LF>
 q) quit<CR><LF>
 ?) help<CR><LF>
<CR><LF>
tack/test/mode [n] > <CR><LF>
<CR><LF>
(xmc) Magic-cookie-glitch is -1 in the data base<CR><LF>
        These two lines should line up.<CR><LF>
<ESC>[7m <ESC>[27m <ESC>[7m <ESC>[27m <ESC>[7m <ESC>[27m <ESC>[7m <ESC>[27m Thes
e two lines should line up.<CR><LF>
If they don't line up then (xmc) magic-cookie-glitch should be<CR><LF>
greater than zero.  (xmc) Done <CR><LF>
? <CR><LF>
? <CR><LF>
? <CR><LF>
? <CR><LF>
<CR><LF>
Test modes and glitches:<CR><LF>
 e) edit terminfo<CR><LF>
 n) run standard tests<CR><LF>
 r) repeat test<CR><LF>
 s) skip to next test<CR><LF>
 q) quit<CR><LF>
 ?) help<CR><LF>
<CR><LF>
tack/test/mode [n] > <CR><LF>
<CR><LF>
Test modes and glitches:<CR><LF>
 e) edit terminfo<CR><LF>
 n) run standard tests<CR><LF>
 r) repeat test<CR><LF>
 s) skip to next test<CR><LF>
 q) quit<CR><LF>
 ?) help<CR><LF>
<CR><LF>
tack/test/mode [n] > 